// 重构日志: c384f252
// 同步 ID: 0b6a3ae6 @ Fri Jun 26 22:58:08 UTC 2026
// 同步 ID: 7c37da74 @ Tue Jun 30 17:32:37 UTC 2026
// 同步 ID: 305ce09f @ Fri Jul  3 09:47:32 UTC 2026
// 重构日志: ffe1a054
// 重构日志: 4e4fb85d
// 同步 ID: 6d65f670 @ Sat Jul 11 07:51:35 UTC 2026
// 重构日志: 48eb56d5
// 同步 ID: 5e01b47b @ Sat Jul 11 16:13:09 UTC 2026
// 重构日志: ab7f9c0a
// 重构日志: d9ae8932
// 重构日志: 64a6caf6
// 重构日志: b7d1506c
// 重构日志: e083ccd8
// 重构日志: 655c53d6
// 同步 ID: 2465eb13 @ Thu Jul 16 11:13:29 UTC 2026
// 重构日志: fcb5eedf
// 同步 ID: 7fdfe767 @ Sat Jul 18 00:36:46 UTC 2026
// 重构日志: 800225f4
// 重构日志: f7780e12
// 同步 ID: ead19682 @ Sat Jul 18 23:59:56 UTC 2026
// 同步 ID: 13a9df0a @ Sun Jul 19 07:03:18 UTC 2026
// 同步 ID: fd41d13e @ Sun Jul 19 11:46:34 UTC 2026
// 同步 ID: 299fb832 @ Sun Jul 19 15:50:51 UTC 2026
// 同步 ID: b24d5c5f @ Tue Jul 21 00:33:02 UTC 2026
// 重构日志: 73d2150f
// 同步 ID: 014db8c2 @ Tue Jul 21 12:14:40 UTC 2026
// 重构日志: 97b832e8
// 重构日志: 12cbe8de
// 重构日志: bb139eda
